<?xml version="1.0" encoding="UTF-8"?>
<testsuite errors="0" failures="0" hostname="kiyoshiro-Air.local" name="Spec4Js" tests="0" time="0.32" timestamp="2012-02-24T20:23:08">
  <properties />
  <system-out><![CDATA[]]></system-out>
  <system-err><![CDATA[]]></system-err>
</testsuite>
